This file contains any messages produced by compilers while
running configure, to aid debugging if configure makes a mistake.

It was created by fdk-aac configure 0.1.6, which was
generated by GNU Autoconf 2.69.  Invocation command line was

  $ ./configure --prefix=/opt/media --enable-shared

## --------- ##
## Platform. ##
## --------- ##

hostname = 172.20.40.123
uname -m = x86_64
uname -r = 3.10.0-957.21.3.el7.x86_64
uname -s = Linux
uname -v = #1 SMP Tue Jun 18 16:35:19 UTC 2019

/usr/bin/uname -p = x86_64
/bin/uname -X     = unknown

/bin/arch              = x86_64
/usr/bin/arch -k       = unknown
/usr/convex/getsysinfo = unknown
/usr/bin/hostinfo      = unknown
/bin/machine           = unknown
/usr/bin/oslevel       = unknown
/bin/universe          = unknown

PATH: /opt/media/share/mfx/samples/
PATH: /opt/media/bin
PATH: /sbin
PATH: /bin
PATH: /usr/sbin
PATH: /usr/bin
PATH: /usr/local/zoho/bin
PATH: /opt/puppetlabs/bin


## ----------- ##
## Core tests. ##
## ----------- ##

configure:2301: checking for a BSD-compatible install
configure:2369: result: /bin/install -c
configure:2380: checking whether build environment is sane
configure:2435: result: yes
configure:2586: checking for a thread-safe mkdir -p
configure:2625: result: /bin/mkdir -p
configure:2632: checking for gawk
configure:2648: found /bin/gawk
configure:2659: result: gawk
configure:2670: checking whether make sets $(MAKE)
configure:2692: result: yes
configure:2721: checking whether make supports nested variables
configure:2738: result: yes
configure:2827: checking whether UID '0' is supported by ustar format
configure:2830: result: yes
configure:2837: checking whether GID '0' is supported by ustar format
configure:2840: result: yes
configure:2848: checking how to create a ustar tar archive
configure:2859: tar --version
tar (GNU tar) 1.26
Copyright (C) 2011 Free Software Foundation, Inc.
License GPLv3+: GNU GPL version 3 or later <http://gnu.org/licenses/gpl.html>.
This is free software: you are free to change and redistribute it.
There is NO WARRANTY, to the extent permitted by law.

Written by John Gilmore and Jay Fenlason.
configure:2862: $? = 0
configure:2902: tardir=conftest.dir && eval tar --format=ustar -chf - "$tardir" >conftest.tar
configure:2905: $? = 0
configure:2909: tar -xf - <conftest.tar
configure:2912: $? = 0
configure:2914: cat conftest.dir/file
GrepMe
configure:2917: $? = 0
configure:2930: result: gnutar
configure:2949: checking whether make supports nested variables
configure:2966: result: yes
configure:3043: checking for gcc
configure:3059: found /bin/gcc
configure:3070: result: gcc
configure:3299: checking for C compiler version
configure:3308: gcc --version >&5
gcc (GCC) 4.8.5 20150623 (Red Hat 4.8.5-36)
Copyright (C) 2015 Free Software Foundation, Inc.
This is free software; see the source for copying conditions.  There is NO
warranty; not even for MERCHANTABILITY or FITNESS FOR A PARTICULAR PURPOSE.

configure:3319: $? = 0
configure:3308: gcc -v >&5
Using built-in specs.
COLLECT_GCC=gcc
COLLECT_LTO_WRAPPER=/usr/libexec/gcc/x86_64-redhat-linux/4.8.5/lto-wrapper
Target: x86_64-redhat-linux
Configured with: ../configure --prefix=/usr --mandir=/usr/share/man --infodir=/usr/share/info --with-bugurl=http://bugzilla.redhat.com/bugzilla --enable-bootstrap --enable-shared --enable-threads=posix --enable-checking=release --with-system-zlib --enable-__cxa_atexit --disable-libunwind-exceptions --enable-gnu-unique-object --enable-linker-build-id --with-linker-hash-style=gnu --enable-languages=c,c++,objc,obj-c++,java,fortran,ada,go,lto --enable-plugin --enable-initfini-array --disable-libgcj --with-isl=/builddir/build/BUILD/gcc-4.8.5-20150702/obj-x86_64-redhat-linux/isl-install --with-cloog=/builddir/build/BUILD/gcc-4.8.5-20150702/obj-x86_64-redhat-linux/cloog-install --enable-gnu-indirect-function --with-tune=generic --with-arch_32=x86-64 --build=x86_64-redhat-linux
Thread model: posix
gcc version 4.8.5 20150623 (Red Hat 4.8.5-36) (GCC) 
configure:3319: $? = 0
configure:3308: gcc -V >&5
gcc: error: unrecognized command line option '-V'
gcc: fatal error: no input files
compilation terminated.
configure:3319: $? = 4
configure:3308: gcc -qversion >&5
gcc: error: unrecognized command line option '-qversion'
gcc: fatal error: no input files
compilation terminated.
configure:3319: $? = 4
configure:3339: checking whether the C compiler works
configure:3361: gcc   -L/opt/media/lib -L/opt/media/lib64 conftest.c  >&5
configure:3365: $? = 0
configure:3413: result: yes
configure:3416: checking for C compiler default output file name
configure:3418: result: a.out
configure:3424: checking for suffix of executables
configure:3431: gcc -o conftest   -L/opt/media/lib -L/opt/media/lib64 conftest.c  >&5
configure:3435: $? = 0
configure:3457: result: 
configure:3479: checking whether we are cross compiling
configure:3487: gcc -o conftest   -L/opt/media/lib -L/opt/media/lib64 conftest.c  >&5
configure:3491: $? = 0
configure:3498: ./conftest
configure:3502: $? = 0
configure:3517: result: no
configure:3522: checking for suffix of object files
configure:3544: gcc -c   conftest.c >&5
configure:3548: $? = 0
configure:3569: result: o
configure:3573: checking whether we are using the GNU C compiler
configure:3592: gcc -c   conftest.c >&5
configure:3592: $? = 0
configure:3601: result: yes
configure:3610: checking whether gcc accepts -g
configure:3630: gcc -c -g  conftest.c >&5
configure:3630: $? = 0
configure:3671: result: yes
configure:3688: checking for gcc option to accept ISO C89
configure:3751: gcc  -c -g -O2  conftest.c >&5
configure:3751: $? = 0
configure:3764: result: none needed
configure:3795: checking for style of include used by make
configure:3823: result: GNU
configure:3849: checking dependency style of gcc
configure:3960: result: gcc3
configure:4033: checking for g++
configure:4049: found /bin/g++
configure:4060: result: g++
configure:4087: checking for C++ compiler version
configure:4096: g++ --version >&5
g++ (GCC) 4.8.5 20150623 (Red Hat 4.8.5-36)
Copyright (C) 2015 Free Software Foundation, Inc.
This is free software; see the source for copying conditions.  There is NO
warranty; not even for MERCHANTABILITY or FITNESS FOR A PARTICULAR PURPOSE.

configure:4107: $? = 0
configure:4096: g++ -v >&5
Using built-in specs.
COLLECT_GCC=g++
COLLECT_LTO_WRAPPER=/usr/libexec/gcc/x86_64-redhat-linux/4.8.5/lto-wrapper
Target: x86_64-redhat-linux
Configured with: ../configure --prefix=/usr --mandir=/usr/share/man --infodir=/usr/share/info --with-bugurl=http://bugzilla.redhat.com/bugzilla --enable-bootstrap --enable-shared --enable-threads=posix --enable-checking=release --with-system-zlib --enable-__cxa_atexit --disable-libunwind-exceptions --enable-gnu-unique-object --enable-linker-build-id --with-linker-hash-style=gnu --enable-languages=c,c++,objc,obj-c++,java,fortran,ada,go,lto --enable-plugin --enable-initfini-array --disable-libgcj --with-isl=/builddir/build/BUILD/gcc-4.8.5-20150702/obj-x86_64-redhat-linux/isl-install --with-cloog=/builddir/build/BUILD/gcc-4.8.5-20150702/obj-x86_64-redhat-linux/cloog-install --enable-gnu-indirect-function --with-tune=generic --with-arch_32=x86-64 --build=x86_64-redhat-linux
Thread model: posix
gcc version 4.8.5 20150623 (Red Hat 4.8.5-36) (GCC) 
configure:4107: $? = 0
configure:4096: g++ -V >&5
g++: error: unrecognized command line option '-V'
g++: fatal error: no input files
compilation terminated.
configure:4107: $? = 4
configure:4096: g++ -qversion >&5
g++: error: unrecognized command line option '-qversion'
g++: fatal error: no input files
compilation terminated.
configure:4107: $? = 4
configure:4111: checking whether we are using the GNU C++ compiler
configure:4130: g++ -c   conftest.cpp >&5
configure:4130: $? = 0
configure:4139: result: yes
configure:4148: checking whether g++ accepts -g
configure:4168: g++ -c -g  conftest.cpp >&5
configure:4168: $? = 0
configure:4209: result: yes
configure:4234: checking dependency style of g++
configure:4345: result: gcc3
configure:4389: checking build system type
configure:4403: result: x86_64-unknown-linux-gnu
configure:4423: checking host system type
configure:4436: result: x86_64-unknown-linux-gnu
configure:4477: checking how to print strings
configure:4504: result: printf
configure:4525: checking for a sed that does not truncate output
configure:4589: result: /bin/sed
configure:4607: checking for grep that handles long lines and -e
configure:4665: result: /bin/grep
configure:4670: checking for egrep
configure:4732: result: /bin/grep -E
configure:4737: checking for fgrep
configure:4799: result: /bin/grep -F
configure:4834: checking for ld used by gcc
configure:4901: result: /bin/ld
configure:4908: checking if the linker (/bin/ld) is GNU ld
configure:4923: result: yes
configure:4935: checking for BSD- or MS-compatible name lister (nm)
configure:4984: result: /bin/nm -B
configure:5114: checking the name lister (/bin/nm -B) interface
configure:5121: gcc -c -g -O2  conftest.c >&5
configure:5124: /bin/nm -B "conftest.o"
configure:5127: output
0000000000000000 B some_variable
configure:5134: result: BSD nm
configure:5137: checking whether ln -s works
configure:5141: result: yes
configure:5149: checking the maximum length of command line arguments
configure:5279: result: 1572864
configure:5296: checking whether the shell understands some XSI constructs
configure:5306: result: yes
configure:5310: checking whether the shell understands "+="
configure:5316: result: yes
configure:5351: checking how to convert x86_64-unknown-linux-gnu file names to x86_64-unknown-linux-gnu format
configure:5391: result: func_convert_file_noop
configure:5398: checking how to convert x86_64-unknown-linux-gnu file names to toolchain format
configure:5418: result: func_convert_file_noop
configure:5425: checking for /bin/ld option to reload object files
configure:5432: result: -r
configure:5506: checking for objdump
configure:5522: found /bin/objdump
configure:5533: result: objdump
configure:5565: checking how to recognize dependent libraries
configure:5767: result: pass_all
configure:5852: checking for dlltool
configure:5882: result: no
configure:5912: checking how to associate runtime and link libraries
configure:5939: result: printf %s\n
configure:6000: checking for ar
configure:6016: found /bin/ar
configure:6027: result: ar
configure:6064: checking for archiver @FILE support
configure:6081: gcc -c -g -O2  conftest.c >&5
configure:6081: $? = 0
configure:6084: ar cru libconftest.a @conftest.lst >&5
configure:6087: $? = 0
configure:6092: ar cru libconftest.a @conftest.lst >&5
ar: conftest.o: No such file or directory
configure:6095: $? = 1
configure:6107: result: @
configure:6165: checking for strip
configure:6181: found /bin/strip
configure:6192: result: strip
configure:6264: checking for ranlib
configure:6280: found /bin/ranlib
configure:6291: result: ranlib
configure:6393: checking command to parse /bin/nm -B output from gcc object
configure:6513: gcc -c -g -O2  conftest.c >&5
configure:6516: $? = 0
configure:6520: /bin/nm -B conftest.o \| sed -n -e 's/^.*[ ]\([ABCDGIRSTW][ABCDGIRSTW]*\)[ ][ ]*\([_A-Za-z][_A-Za-z0-9]*\)$/\1 \2 \2/p' | sed '/ __gnu_lto/d' \> conftest.nm
configure:6523: $? = 0
configure:6589: gcc -o conftest -g -O2  -L/opt/media/lib -L/opt/media/lib64 conftest.c conftstm.o >&5
configure:6592: $? = 0
configure:6630: result: ok
configure:6667: checking for sysroot
configure:6697: result: no
configure:6774: gcc -c -g -O2  conftest.c >&5
configure:6777: $? = 0
configure:6953: checking for mt
configure:6983: result: no
configure:7003: checking if : is a manifest tool
configure:7009: : '-?'
configure:7017: result: no
configure:7659: checking how to run the C preprocessor
configure:7690: gcc -E  conftest.c
configure:7690: $? = 0
configure:7704: gcc -E  conftest.c
conftest.c:11:28: fatal error: ac_nonexistent.h: No such file or directory
 #include <ac_nonexistent.h>
                            ^
compilation terminated.
configure:7704: $? = 1
configure: failed program was:
| /* confdefs.h */
| #define PACKAGE_NAME "fdk-aac"
| #define PACKAGE_TARNAME "fdk-aac"
| #define PACKAGE_VERSION "0.1.6"
| #define PACKAGE_STRING "fdk-aac 0.1.6"
| #define PACKAGE_BUGREPORT "http://sourceforge.net/projects/opencore-amr/"
| #define PACKAGE_URL ""
| #define PACKAGE "fdk-aac"
| #define VERSION "0.1.6"
| /* end confdefs.h.  */
| #include <ac_nonexistent.h>
configure:7729: result: gcc -E
configure:7749: gcc -E  conftest.c
configure:7749: $? = 0
configure:7763: gcc -E  conftest.c
conftest.c:11:28: fatal error: ac_nonexistent.h: No such file or directory
 #include <ac_nonexistent.h>
                            ^
compilation terminated.
configure:7763: $? = 1
configure: failed program was:
| /* confdefs.h */
| #define PACKAGE_NAME "fdk-aac"
| #define PACKAGE_TARNAME "fdk-aac"
| #define PACKAGE_VERSION "0.1.6"
| #define PACKAGE_STRING "fdk-aac 0.1.6"
| #define PACKAGE_BUGREPORT "http://sourceforge.net/projects/opencore-amr/"
| #define PACKAGE_URL ""
| #define PACKAGE "fdk-aac"
| #define VERSION "0.1.6"
| /* end confdefs.h.  */
| #include <ac_nonexistent.h>
configure:7792: checking for ANSI C header files
configure:7812: gcc -c -g -O2  conftest.c >&5
configure:7812: $? = 0
configure:7885: gcc -o conftest -g -O2  -L/opt/media/lib -L/opt/media/lib64 conftest.c  >&5
configure:7885: $? = 0
configure:7885: ./conftest
configure:7885: $? = 0
configure:7896: result: yes
configure:7909: checking for sys/types.h
configure:7909: gcc -c -g -O2  conftest.c >&5
configure:7909: $? = 0
configure:7909: result: yes
configure:7909: checking for sys/stat.h
configure:7909: gcc -c -g -O2  conftest.c >&5
configure:7909: $? = 0
configure:7909: result: yes
configure:7909: checking for stdlib.h
configure:7909: gcc -c -g -O2  conftest.c >&5
configure:7909: $? = 0
configure:7909: result: yes
configure:7909: checking for string.h
configure:7909: gcc -c -g -O2  conftest.c >&5
configure:7909: $? = 0
configure:7909: result: yes
configure:7909: checking for memory.h
configure:7909: gcc -c -g -O2  conftest.c >&5
configure:7909: $? = 0
configure:7909: result: yes
configure:7909: checking for strings.h
configure:7909: gcc -c -g -O2  conftest.c >&5
configure:7909: $? = 0
configure:7909: result: yes
configure:7909: checking for inttypes.h
configure:7909: gcc -c -g -O2  conftest.c >&5
configure:7909: $? = 0
configure:7909: result: yes
configure:7909: checking for stdint.h
configure:7909: gcc -c -g -O2  conftest.c >&5
configure:7909: $? = 0
configure:7909: result: yes
configure:7909: checking for unistd.h
configure:7909: gcc -c -g -O2  conftest.c >&5
configure:7909: $? = 0
configure:7909: result: yes
configure:7923: checking for dlfcn.h
configure:7923: gcc -c -g -O2  conftest.c >&5
configure:7923: $? = 0
configure:7923: result: yes
configure:8140: checking for objdir
configure:8155: result: .libs
configure:8426: checking if gcc supports -fno-rtti -fno-exceptions
configure:8444: gcc -c -g -O2  -fno-rtti -fno-exceptions conftest.c >&5
cc1: warning: command line option '-fno-rtti' is valid for C++/ObjC++ but not for C [enabled by default]
configure:8448: $? = 0
configure:8461: result: no
configure:8788: checking for gcc option to produce PIC
configure:8795: result: -fPIC -DPIC
configure:8803: checking if gcc PIC flag -fPIC -DPIC works
configure:8821: gcc -c -g -O2  -fPIC -DPIC -DPIC conftest.c >&5
configure:8825: $? = 0
configure:8838: result: yes
configure:8867: checking if gcc static flag -static works
configure:8895: result: no
configure:8910: checking if gcc supports -c -o file.o
configure:8931: gcc -c -g -O2  -o out/conftest2.o conftest.c >&5
configure:8935: $? = 0
configure:8957: result: yes
configure:8965: checking if gcc supports -c -o file.o
configure:9012: result: yes
configure:9045: checking whether the gcc linker (/bin/ld -m elf_x86_64) supports shared libraries
configure:10198: result: yes
configure:10235: checking whether -lc should be explicitly linked in
configure:10243: gcc -c -g -O2  conftest.c >&5
configure:10246: $? = 0
configure:10261: gcc -shared  -fPIC -DPIC conftest.o  -v -Wl,-soname -Wl,conftest -o conftest 2\>\&1 \| /bin/grep  -lc  \>/dev/null 2\>\&1
configure:10264: $? = 0
configure:10278: result: no
configure:10438: checking dynamic linker characteristics
configure:10949: gcc -o conftest -g -O2  -L/opt/media/lib -L/opt/media/lib64 -Wl,-rpath -Wl,/foo conftest.c  >&5
configure:10949: $? = 0
configure:11175: result: GNU/Linux ld.so
configure:11282: checking how to hardcode library paths into programs
configure:11307: result: immediate
configure:11847: checking whether stripping libraries is possible
configure:11852: result: yes
configure:11887: checking if libtool supports shared libraries
configure:11889: result: yes
configure:11892: checking whether to build shared libraries
configure:11913: result: yes
configure:11916: checking whether to build static libraries
configure:11920: result: yes
configure:11943: checking how to run the C++ preprocessor
configure:11970: g++ -E  conftest.cpp
configure:11970: $? = 0
configure:11984: g++ -E  conftest.cpp
conftest.cpp:23:28: fatal error: ac_nonexistent.h: No such file or directory
 #include <ac_nonexistent.h>
                            ^
compilation terminated.
configure:11984: $? = 1
configure: failed program was:
| /* confdefs.h */
| #define PACKAGE_NAME "fdk-aac"
| #define PACKAGE_TARNAME "fdk-aac"
| #define PACKAGE_VERSION "0.1.6"
| #define PACKAGE_STRING "fdk-aac 0.1.6"
| #define PACKAGE_BUGREPORT "http://sourceforge.net/projects/opencore-amr/"
| #define PACKAGE_URL ""
| #define PACKAGE "fdk-aac"
| #define VERSION "0.1.6"
| #define STDC_HEADERS 1
| #define HAVE_SYS_TYPES_H 1
| #define HAVE_SYS_STAT_H 1
| #define HAVE_STDLIB_H 1
| #define HAVE_STRING_H 1
| #define HAVE_MEMORY_H 1
| #define HAVE_STRINGS_H 1
| #define HAVE_INTTYPES_H 1
| #define HAVE_STDINT_H 1
| #define HAVE_UNISTD_H 1
| #define HAVE_DLFCN_H 1
| #define LT_OBJDIR ".libs/"
| /* end confdefs.h.  */
| #include <ac_nonexistent.h>
configure:12009: result: g++ -E
configure:12029: g++ -E  conftest.cpp
configure:12029: $? = 0
configure:12043: g++ -E  conftest.cpp
conftest.cpp:23:28: fatal error: ac_nonexistent.h: No such file or directory
 #include <ac_nonexistent.h>
                            ^
compilation terminated.
configure:12043: $? = 1
configure: failed program was:
| /* confdefs.h */
| #define PACKAGE_NAME "fdk-aac"
| #define PACKAGE_TARNAME "fdk-aac"
| #define PACKAGE_VERSION "0.1.6"
| #define PACKAGE_STRING "fdk-aac 0.1.6"
| #define PACKAGE_BUGREPORT "http://sourceforge.net/projects/opencore-amr/"
| #define PACKAGE_URL ""
| #define PACKAGE "fdk-aac"
| #define VERSION "0.1.6"
| #define STDC_HEADERS 1
| #define HAVE_SYS_TYPES_H 1
| #define HAVE_SYS_STAT_H 1
| #define HAVE_STDLIB_H 1
| #define HAVE_STRING_H 1
| #define HAVE_MEMORY_H 1
| #define HAVE_STRINGS_H 1
| #define HAVE_INTTYPES_H 1
| #define HAVE_STDINT_H 1
| #define HAVE_UNISTD_H 1
| #define HAVE_DLFCN_H 1
| #define LT_OBJDIR ".libs/"
| /* end confdefs.h.  */
| #include <ac_nonexistent.h>
configure:12212: checking for ld used by g++
configure:12279: result: /bin/ld -m elf_x86_64
configure:12286: checking if the linker (/bin/ld -m elf_x86_64) is GNU ld
configure:12301: result: yes
configure:12356: checking whether the g++ linker (/bin/ld -m elf_x86_64) supports shared libraries
configure:13361: result: yes
configure:13397: g++ -c -g -O2  conftest.cpp >&5
configure:13400: $? = 0
configure:13920: checking for g++ option to produce PIC
configure:13927: result: -fPIC -DPIC
configure:13935: checking if g++ PIC flag -fPIC -DPIC works
configure:13953: g++ -c -g -O2  -fPIC -DPIC -DPIC conftest.cpp >&5
configure:13957: $? = 0
configure:13970: result: yes
configure:13993: checking if g++ static flag -static works
configure:14021: result: no
configure:14033: checking if g++ supports -c -o file.o
configure:14054: g++ -c -g -O2  -o out/conftest2.o conftest.cpp >&5
configure:14058: $? = 0
configure:14080: result: yes
configure:14085: checking if g++ supports -c -o file.o
configure:14132: result: yes
configure:14162: checking whether the g++ linker (/bin/ld -m elf_x86_64) supports shared libraries
configure:14198: result: yes
configure:14339: checking dynamic linker characteristics
configure:15010: result: GNU/Linux ld.so
configure:15063: checking how to hardcode library paths into programs
configure:15088: result: immediate
configure:15150: checking for library containing sin
configure:15181: gcc -o conftest -g -O2  -L/opt/media/lib -L/opt/media/lib64 conftest.c  >&5
conftest.c:30:6: warning: conflicting types for built-in function 'sin' [enabled by default]
 char sin ();
      ^
/tmp/ccU2s5be.o: In function `main':
/home/sas/media_src/others/fdk-aac/conftest.c:34: undefined reference to `sin'
collect2: error: ld returned 1 exit status
configure:15181: $? = 1
configure: failed program was:
| /* confdefs.h */
| #define PACKAGE_NAME "fdk-aac"
| #define PACKAGE_TARNAME "fdk-aac"
| #define PACKAGE_VERSION "0.1.6"
| #define PACKAGE_STRING "fdk-aac 0.1.6"
| #define PACKAGE_BUGREPORT "http://sourceforge.net/projects/opencore-amr/"
| #define PACKAGE_URL ""
| #define PACKAGE "fdk-aac"
| #define VERSION "0.1.6"
| #define STDC_HEADERS 1
| #define HAVE_SYS_TYPES_H 1
| #define HAVE_SYS_STAT_H 1
| #define HAVE_STDLIB_H 1
| #define HAVE_STRING_H 1
| #define HAVE_MEMORY_H 1
| #define HAVE_STRINGS_H 1
| #define HAVE_INTTYPES_H 1
| #define HAVE_STDINT_H 1
| #define HAVE_UNISTD_H 1
| #define HAVE_DLFCN_H 1
| #define LT_OBJDIR ".libs/"
| /* end confdefs.h.  */
| 
| /* Override any GCC internal prototype to avoid an error.
|    Use char because int might match the return type of a GCC
|    builtin and then its argument prototype would still apply.  */
| #ifdef __cplusplus
| extern "C"
| #endif
| char sin ();
| int
| main ()
| {
| return sin ();
|   ;
|   return 0;
| }
configure:15181: gcc -o conftest -g -O2  -L/opt/media/lib -L/opt/media/lib64 conftest.c -lm   >&5
conftest.c:30:6: warning: conflicting types for built-in function 'sin' [enabled by default]
 char sin ();
      ^
configure:15181: $? = 0
configure:15198: result: -lm
configure:15365: checking that generated files are newer than configure
configure:15371: result: done
configure:15402: creating ./config.status

## ---------------------- ##
## Running config.status. ##
## ---------------------- ##

This file was extended by fdk-aac config.status 0.1.6, which was
generated by GNU Autoconf 2.69.  Invocation command line was

  CONFIG_FILES    = 
  CONFIG_HEADERS  = 
  CONFIG_LINKS    = 
  CONFIG_COMMANDS = 
  $ ./config.status 

on 172.20.40.123

config.status:1072: creating Makefile
config.status:1072: creating fdk-aac.pc
config.status:1244: executing depfiles commands
config.status:1244: executing libtool commands

## ---------------- ##
## Cache variables. ##
## ---------------- ##

ac_cv_build=x86_64-unknown-linux-gnu
ac_cv_c_compiler_gnu=yes
ac_cv_cxx_compiler_gnu=yes
ac_cv_env_CCC_set=
ac_cv_env_CCC_value=
ac_cv_env_CC_set=
ac_cv_env_CC_value=
ac_cv_env_CFLAGS_set=
ac_cv_env_CFLAGS_value=
ac_cv_env_CPPFLAGS_set=
ac_cv_env_CPPFLAGS_value=
ac_cv_env_CPP_set=
ac_cv_env_CPP_value=
ac_cv_env_CXXCPP_set=
ac_cv_env_CXXCPP_value=
ac_cv_env_CXXFLAGS_set=
ac_cv_env_CXXFLAGS_value=
ac_cv_env_CXX_set=
ac_cv_env_CXX_value=
ac_cv_env_LDFLAGS_set=set
ac_cv_env_LDFLAGS_value='-L/opt/media/lib -L/opt/media/lib64'
ac_cv_env_LIBS_set=
ac_cv_env_LIBS_value=
ac_cv_env_build_alias_set=
ac_cv_env_build_alias_value=
ac_cv_env_host_alias_set=
ac_cv_env_host_alias_value=
ac_cv_env_target_alias_set=
ac_cv_env_target_alias_value=
ac_cv_header_dlfcn_h=yes
ac_cv_header_inttypes_h=yes
ac_cv_header_memory_h=yes
ac_cv_header_stdc=yes
ac_cv_header_stdint_h=yes
ac_cv_header_stdlib_h=yes
ac_cv_header_string_h=yes
ac_cv_header_strings_h=yes
ac_cv_header_sys_stat_h=yes
ac_cv_header_sys_types_h=yes
ac_cv_header_unistd_h=yes
ac_cv_host=x86_64-unknown-linux-gnu
ac_cv_objext=o
ac_cv_path_EGREP='/bin/grep -E'
ac_cv_path_FGREP='/bin/grep -F'
ac_cv_path_GREP=/bin/grep
ac_cv_path_SED=/bin/sed
ac_cv_path_install='/bin/install -c'
ac_cv_path_mkdir=/bin/mkdir
ac_cv_prog_AWK=gawk
ac_cv_prog_CPP='gcc -E'
ac_cv_prog_CXXCPP='g++ -E'
ac_cv_prog_ac_ct_AR=ar
ac_cv_prog_ac_ct_CC=gcc
ac_cv_prog_ac_ct_CXX=g++
ac_cv_prog_ac_ct_OBJDUMP=objdump
ac_cv_prog_ac_ct_RANLIB=ranlib
ac_cv_prog_ac_ct_STRIP=strip
ac_cv_prog_cc_c89=
ac_cv_prog_cc_g=yes
ac_cv_prog_cxx_g=yes
ac_cv_prog_make_make_set=yes
ac_cv_search_sin=-lm
am_cv_CC_dependencies_compiler_type=gcc3
am_cv_CXX_dependencies_compiler_type=gcc3
am_cv_make_support_nested_variables=yes
am_cv_prog_tar_ustar=gnutar
lt_cv_ar_at_file=@
lt_cv_archive_cmds_need_lc=no
lt_cv_deplibs_check_method=pass_all
lt_cv_file_magic_cmd='$MAGIC_CMD'
lt_cv_file_magic_test_file=
lt_cv_ld_reload_flag=-r
lt_cv_nm_interface='BSD nm'
lt_cv_objdir=.libs
lt_cv_path_LD=/bin/ld
lt_cv_path_LDCXX='/bin/ld -m elf_x86_64'
lt_cv_path_NM='/bin/nm -B'
lt_cv_path_mainfest_tool=no
lt_cv_prog_compiler_c_o=yes
lt_cv_prog_compiler_c_o_CXX=yes
lt_cv_prog_compiler_pic='-fPIC -DPIC'
lt_cv_prog_compiler_pic_CXX='-fPIC -DPIC'
lt_cv_prog_compiler_pic_works=yes
lt_cv_prog_compiler_pic_works_CXX=yes
lt_cv_prog_compiler_rtti_exceptions=no
lt_cv_prog_compiler_static_works=no
lt_cv_prog_compiler_static_works_CXX=no
lt_cv_prog_gnu_ld=yes
lt_cv_prog_gnu_ldcxx=yes
lt_cv_sharedlib_from_linklib_cmd='printf %s\n'
lt_cv_shlibpath_overrides_runpath=no
lt_cv_sys_global_symbol_pipe='sed -n -e '\''s/^.*[	 ]\([ABCDGIRSTW][ABCDGIRSTW]*\)[	 ][	 ]*\([_A-Za-z][_A-Za-z0-9]*\)$/\1 \2 \2/p'\'' | sed '\''/ __gnu_lto/d'\'''
lt_cv_sys_global_symbol_to_c_name_address='sed -n -e '\''s/^: \([^ ]*\)[ ]*$/  {\"\1\", (void *) 0},/p'\'' -e '\''s/^[ABCDGIRSTW]* \([^ ]*\) \([^ ]*\)$/  {"\2", (void *) \&\2},/p'\'''
lt_cv_sys_global_symbol_to_c_name_address_lib_prefix='sed -n -e '\''s/^: \([^ ]*\)[ ]*$/  {\"\1\", (void *) 0},/p'\'' -e '\''s/^[ABCDGIRSTW]* \([^ ]*\) \(lib[^ ]*\)$/  {"\2", (void *) \&\2},/p'\'' -e '\''s/^[ABCDGIRSTW]* \([^ ]*\) \([^ ]*\)$/  {"lib\2", (void *) \&\2},/p'\'''
lt_cv_sys_global_symbol_to_cdecl='sed -n -e '\''s/^T .* \(.*\)$/extern int \1();/p'\'' -e '\''s/^[ABCDGIRSTW]* .* \(.*\)$/extern char \1;/p'\'''
lt_cv_sys_max_cmd_len=1572864
lt_cv_to_host_file_cmd=func_convert_file_noop
lt_cv_to_tool_file_cmd=func_convert_file_noop

## ----------------- ##
## Output variables. ##
## ----------------- ##

ACLOCAL='${SHELL} /home/sas/media_src/others/fdk-aac/missing aclocal-1.13'
AMDEPBACKSLASH='\'
AMDEP_FALSE='#'
AMDEP_TRUE=''
AMTAR='$${TAR-tar}'
AM_BACKSLASH='\'
AM_DEFAULT_V='$(AM_DEFAULT_VERBOSITY)'
AM_DEFAULT_VERBOSITY='0'
AM_V='$(V)'
AR='ar'
AUTOCONF='${SHELL} /home/sas/media_src/others/fdk-aac/missing autoconf'
AUTOHEADER='${SHELL} /home/sas/media_src/others/fdk-aac/missing autoheader'
AUTOMAKE='${SHELL} /home/sas/media_src/others/fdk-aac/missing automake-1.13'
AWK='gawk'
CC='gcc'
CCDEPMODE='depmode=gcc3'
CFLAGS='-g -O2'
CPP='gcc -E'
CPPFLAGS=''
CXX='g++'
CXXCPP='g++ -E'
CXXDEPMODE='depmode=gcc3'
CXXFLAGS='-g -O2'
CYGPATH_W='echo'
DEFS='-DPACKAGE_NAME=\"fdk-aac\" -DPACKAGE_TARNAME=\"fdk-aac\" -DPACKAGE_VERSION=\"0.1.6\" -DPACKAGE_STRING=\"fdk-aac\ 0.1.6\" -DPACKAGE_BUGREPORT=\"http://sourceforge.net/projects/opencore-amr/\" -DPACKAGE_URL=\"\" -DPACKAGE=\"fdk-aac\" -DVERSION=\"0.1.6\" -DSTDC_HEADERS=1 -DHAVE_SYS_TYPES_H=1 -DHAVE_SYS_STAT_H=1 -DHAVE_STDLIB_H=1 -DHAVE_STRING_H=1 -DHAVE_MEMORY_H=1 -DHAVE_STRINGS_H=1 -DHAVE_INTTYPES_H=1 -DHAVE_STDINT_H=1 -DHAVE_UNISTD_H=1 -DHAVE_DLFCN_H=1 -DLT_OBJDIR=\".libs/\"'
DEPDIR='.deps'
DLLTOOL='false'
DSYMUTIL=''
DUMPBIN=''
ECHO_C=''
ECHO_N='-n'
ECHO_T=''
EGREP='/bin/grep -E'
EXAMPLE_FALSE=''
EXAMPLE_TRUE='#'
EXEEXT=''
FDK_AAC_VERSION='1:1:0'
FGREP='/bin/grep -F'
GREP='/bin/grep'
INSTALL_DATA='${INSTALL} -m 644'
INSTALL_PROGRAM='${INSTALL}'
INSTALL_SCRIPT='${INSTALL}'
INSTALL_STRIP_PROGRAM='$(install_sh) -c -s'
LD='/bin/ld -m elf_x86_64'
LDFLAGS='-L/opt/media/lib -L/opt/media/lib64'
LIBOBJS=''
LIBS='-lm '
LIBS_PRIVATE='-lm '
LIBS_PUBLIC=''
LIBTOOL='$(SHELL) $(top_builddir)/libtool'
LIPO=''
LN_S='ln -s'
LTLIBOBJS=''
MAKEINFO='${SHELL} /home/sas/media_src/others/fdk-aac/missing makeinfo'
MANIFEST_TOOL=':'
MKDIR_P='/bin/mkdir -p'
NM='/bin/nm -B'
NMEDIT=''
OBJDUMP='objdump'
OBJEXT='o'
OTOOL64=''
OTOOL=''
PACKAGE='fdk-aac'
PACKAGE_BUGREPORT='http://sourceforge.net/projects/opencore-amr/'
PACKAGE_NAME='fdk-aac'
PACKAGE_STRING='fdk-aac 0.1.6'
PACKAGE_TARNAME='fdk-aac'
PACKAGE_URL=''
PACKAGE_VERSION='0.1.6'
PATH_SEPARATOR=':'
RANLIB='ranlib'
SED='/bin/sed'
SET_MAKE=''
SHELL='/bin/sh'
STRIP='strip'
VERSION='0.1.6'
ac_ct_AR='ar'
ac_ct_CC='gcc'
ac_ct_CXX='g++'
ac_ct_DUMPBIN=''
am__EXEEXT_FALSE=''
am__EXEEXT_TRUE='#'
am__fastdepCC_FALSE='#'
am__fastdepCC_TRUE=''
am__fastdepCXX_FALSE='#'
am__fastdepCXX_TRUE=''
am__include='include'
am__isrc=''
am__leading_dot='.'
am__nodep='_no'
am__quote=''
am__tar='tar --format=ustar -chf - "$$tardir"'
am__untar='tar -xf -'
bindir='${exec_prefix}/bin'
build='x86_64-unknown-linux-gnu'
build_alias=''
build_cpu='x86_64'
build_os='linux-gnu'
build_vendor='unknown'
datadir='${datarootdir}'
datarootdir='${prefix}/share'
docdir='${datarootdir}/doc/${PACKAGE_TARNAME}'
dvidir='${docdir}'
exec_prefix='${prefix}'
host='x86_64-unknown-linux-gnu'
host_alias=''
host_cpu='x86_64'
host_os='linux-gnu'
host_vendor='unknown'
htmldir='${docdir}'
includedir='${prefix}/include'
infodir='${datarootdir}/info'
install_sh='${SHELL} /home/sas/media_src/others/fdk-aac/install-sh'
libdir='${exec_prefix}/lib'
libexecdir='${exec_prefix}/libexec'
localedir='${datarootdir}/locale'
localstatedir='${prefix}/var'
mandir='${datarootdir}/man'
mkdir_p='$(MKDIR_P)'
oldincludedir='/usr/include'
pdfdir='${docdir}'
prefix='/opt/media'
program_transform_name='s,x,x,'
psdir='${docdir}'
sbindir='${exec_prefix}/sbin'
sharedstatedir='${prefix}/com'
sysconfdir='${prefix}/etc'
target_alias=''

## ----------- ##
## confdefs.h. ##
## ----------- ##

/* confdefs.h */
#define PACKAGE_NAME "fdk-aac"
#define PACKAGE_TARNAME "fdk-aac"
#define PACKAGE_VERSION "0.1.6"
#define PACKAGE_STRING "fdk-aac 0.1.6"
#define PACKAGE_BUGREPORT "http://sourceforge.net/projects/opencore-amr/"
#define PACKAGE_URL ""
#define PACKAGE "fdk-aac"
#define VERSION "0.1.6"
#define STDC_HEADERS 1
#define HAVE_SYS_TYPES_H 1
#define HAVE_SYS_STAT_H 1
#define HAVE_STDLIB_H 1
#define HAVE_STRING_H 1
#define HAVE_MEMORY_H 1
#define HAVE_STRINGS_H 1
#define HAVE_INTTYPES_H 1
#define HAVE_STDINT_H 1
#define HAVE_UNISTD_H 1
#define HAVE_DLFCN_H 1
#define LT_OBJDIR ".libs/"

configure: exit 0
